usbCameraTest4/build/outputs/logs/manifest-merger-debug-report.txt
-- Merging decision tree log ---
manifest
ADDED from src/main/AndroidManifest.xml:25:1-68:12
INJECTED from src/main/AndroidManifest.xml:25:1-68:12
INJECTED from src/main/AndroidManifest.xml:25:1-68:12
INJECTED from src/main/AndroidManifest.xml:25:1-68:12
MERGED from [:usbCameraCommon] AndroidManifest.xml:24:1-32:12
MERGED from [:libuvccamera] AndroidManifest.xml:24:1-33:12
MERGED from [com.serenegiant:common:1.5.20] AndroidManifest.xml:2:1-12:12
MERGED from [com.android.support:recyclerview-v7:25.3.1] AndroidManifest.xml:17:1-26:12
MERGED from [com.android.support:support-core-ui:25.3.1] AndroidManifest.xml:17:1-31:12
MERGED from [com.android.support:support-compat:25.3.1] AndroidManifest.xml:17:1-31:12
INJECTED from src/main/AndroidManifest.xml:25:1-68:12
INJECTED from src/main/AndroidManifest.xml:25:1-68:12
INJECTED from src/main/AndroidManifest.xml:25:1-68:12
	package
		ADDED from src/main/AndroidManifest.xml:26:5-45
		INJECTED from src/main/AndroidManifest.xml
		INJECTED from src/main/AndroidManifest.xml
	android:versionName
		INJECTED from src/main/AndroidManifest.xml
		ADDED from src/main/AndroidManifest.xml:25:1-68:12
		INJECTED from src/main/AndroidManifest.xml
	android:versionCode
		INJECTED from src/main/AndroidManifest.xml
		ADDED from src/main/AndroidManifest.xml:25:1-68:12
		INJECTED from src/main/AndroidManifest.xml
	xmlns:android
		ADDED from src/main/AndroidManifest.xml:25:11-69
uses-permission#android.permission.RECORD_AUDIO
ADDED from src/main/AndroidManifest.xml:28:5-70
	android:name
		ADDED from src/main/AndroidManifest.xml:28:22-68
uses-permission#android.permission.WRITE_EXTERNAL_STORAGE
ADDED from src/main/AndroidManifest.xml:29:5-80
	android:name
		ADDED from src/main/AndroidManifest.xml:29:22-78
uses-feature#0x00020000
ADDED from src/main/AndroidManifest.xml:31:5-78
	android:glEsVersion
		ADDED from src/main/AndroidManifest.xml:31:19-51
	android:required
		ADDED from src/main/AndroidManifest.xml:31:52-75
application
ADDED from src/main/AndroidManifest.xml:34:5-66:16
MERGED from [com.android.support:support-core-ui:25.3.1] AndroidManifest.xml:29:5-20
MERGED from [com.android.support:support-core-ui:25.3.1] AndroidManifest.xml:29:5-20
MERGED from [com.android.support:support-compat:25.3.1] AndroidManifest.xml:29:5-20
MERGED from [com.android.support:support-compat:25.3.1] AndroidManifest.xml:29:5-20
	android:label
		ADDED from src/main/AndroidManifest.xml:37:9-41
	android:icon
		ADDED from src/main/AndroidManifest.xml:36:9-45
	android:allowBackup
		ADDED from src/main/AndroidManifest.xml:35:9-35
	android:theme
		ADDED from src/main/AndroidManifest.xml:38:9-40
activity#com.serenegiant.usbcameratest4.MainActivity
ADDED from src/main/AndroidManifest.xml:39:9-57:24
	android:label
		ADDED from src/main/AndroidManifest.xml:41:13-45
	android:launchMode
		ADDED from src/main/AndroidManifest.xml:42:13-44
	android:name
		ADDED from src/main/AndroidManifest.xml:40:13-41
intent-filter#android.intent.action.MAIN+android.intent.category.LAUNCHER
ADDED from src/main/AndroidManifest.xml:43:13-47:29
action#android.intent.action.MAIN
ADDED from src/main/AndroidManifest.xml:44:17-69
	android:name
		ADDED from src/main/AndroidManifest.xml:44:25-66
category#android.intent.category.LAUNCHER
ADDED from src/main/AndroidManifest.xml:46:17-77
	android:name
		ADDED from src/main/AndroidManifest.xml:46:27-74
intent-filter#android.hardware.usb.action.USB_DEVICE_ATTACHED
ADDED from src/main/AndroidManifest.xml:48:4-50:20
action#android.hardware.usb.action.USB_DEVICE_ATTACHED
ADDED from src/main/AndroidManifest.xml:49:5-78
	android:name
		ADDED from src/main/AndroidManifest.xml:49:13-75
intent-filter#android.hardware.usb.action.USB_DEVICE_DETACHED
ADDED from src/main/AndroidManifest.xml:51:4-53:20
action#android.hardware.usb.action.USB_DEVICE_DETACHED
ADDED from src/main/AndroidManifest.xml:52:5-78
	android:name
		ADDED from src/main/AndroidManifest.xml:52:13-75
meta-data#android.hardware.usb.action.USB_DEVICE_ATTACHED
ADDED from src/main/AndroidManifest.xml:54:4-56:45
	android:resource
		ADDED from src/main/AndroidManifest.xml:56:5-42
	android:name
		ADDED from src/main/AndroidManifest.xml:55:5-67
service#com.serenegiant.service.UVCService
ADDED from src/main/AndroidManifest.xml:58:9-65:13
	android:process
		ADDED from src/main/AndroidManifest.xml:60:4-33
	android:name
		ADDED from src/main/AndroidManifest.xml:59:13-62
intent-filter#com.serenegiant.service.IUVCService+com.serenegiant.service.IUVCSlaveService
ADDED from src/main/AndroidManifest.xml:61:13-64:20
action#com.serenegiant.service.IUVCService
ADDED from src/main/AndroidManifest.xml:62:17-78
	android:name
		ADDED from src/main/AndroidManifest.xml:62:25-75
action#com.serenegiant.service.IUVCSlaveService
ADDED from src/main/AndroidManifest.xml:63:17-83
	android:name
		ADDED from src/main/AndroidManifest.xml:63:25-80
uses-sdk
INJECTED from src/main/AndroidManifest.xml reason: use-sdk injection requested
INJECTED from src/main/AndroidManifest.xml
INJECTED from src/main/AndroidManifest.xml
MERGED from [:usbCameraCommon] AndroidManifest.xml:28:5-30:41
MERGED from [:usbCameraCommon] AndroidManifest.xml:28:5-30:41
MERGED from [:libuvccamera] AndroidManifest.xml:29:5-31:41
MERGED from [:libuvccamera] AndroidManifest.xml:29:5-31:41
MERGED from [com.serenegiant:common:1.5.20] AndroidManifest.xml:8:5-10:41
MERGED from [com.serenegiant:common:1.5.20] AndroidManifest.xml:8:5-10:41
MERGED from [com.android.support:recyclerview-v7:25.3.1] AndroidManifest.xml:20:5-43
MERGED from [com.android.support:recyclerview-v7:25.3.1] AndroidManifest.xml:20:5-43
MERGED from [com.android.support:support-core-ui:25.3.1] AndroidManifest.xml:21:5-23:58
MERGED from [com.android.support:support-core-ui:25.3.1] AndroidManifest.xml:21:5-23:58
MERGED from [com.android.support:support-compat:25.3.1] AndroidManifest.xml:21:5-23:58
MERGED from [com.android.support:support-compat:25.3.1] AndroidManifest.xml:21:5-23:58
INJECTED from src/main/AndroidManifest.xml
INJECTED from src/main/AndroidManifest.xml
	tools:overrideLibrary
		ADDED from [com.android.support:support-core-ui:25.3.1] AndroidManifest.xml:23:9-55
	android:targetSdkVersion
		INJECTED from src/main/AndroidManifest.xml
		ADDED from src/main/AndroidManifest.xml
		INJECTED from src/main/AndroidManifest.xml
	android:minSdkVersion
		INJECTED from src/main/AndroidManifest.xml
		ADDED from src/main/AndroidManifest.xml
		INJECTED from src/main/AndroidManifest.xml
meta-data#android.support.VERSION
ADDED from [com.android.support:recyclerview-v7:25.3.1] AndroidManifest.xml:22:5-24:34
MERGED from [com.android.support:support-core-ui:25.3.1] AndroidManifest.xml:25:5-27:34
MERGED from [com.android.support:support-core-ui:25.3.1] AndroidManifest.xml:25:5-27:34
MERGED from [com.android.support:support-compat:25.3.1] AndroidManifest.xml:25:5-27:34
MERGED from [com.android.support:support-compat:25.3.1] AndroidManifest.xml:25:5-27:34
	android:value
		ADDED from [com.android.support:recyclerview-v7:25.3.1] AndroidManifest.xml:24:9-31
	android:name
		ADDED from [com.android.support:recyclerview-v7:25.3.1] AndroidManifest.xml:23:9-47